qemu-system-riscv64 -machine virt -bios none -kernel kernel/kernel -m 128M -smp 3 -nographic -global virtio-mmio.force-legacy=false -drive file=fs.img,if=none,format=raw,id=x0 -device virtio-blk-device,drive=x0,bus=virtio-mmio-bus.0

xv6 kernel is booting, pid: 0, stack0: 0x000000008001a510, sp: 0x000000008001b4f0, pc: 0x00000000800003c0

kvmmake: MAXVA: 0x0000004000000000, TRAMPOLINE: 0x0000003ffffff000, trampoline: 0x0000000080007000, etext: 0x0000000080008000, end: 0x0000000080025620
hart 1 starting, sp: 0x000000008001c4f0
hart 2 starting, sp: 0x000000008001d4f0
virtio_disk_rw, sleep in second while
virtio_disk_intr, wakeup
****trace_log 1, cpu_id: 2, caller: scheduler ****: 
scheduler kerneltrap devintr kerneltrap devintr empty_devintr forkret readsb bread virtio_disk_rw sleep sched 

##### wakeup: pid: 1
****trace_log 2, cpu_id: 2, caller: sched ****: 
kerneltrap devintr empty_devintr 

free_desc, wakeup
free_desc, wakeup
free_desc, wakeup
virtio_disk_rw, sleep in second while
****trace_log 3, cpu_id: 2, caller: scheduler ****: 

// readsb_end 函数是前面 readsb 后完成了，那么说明 执行 wakeup的是在其他cpu的其他线程中完成的。
[wakeup_from_free_desc] [wakeup_from_free_desc] [wakeup_from_free_desc] virtio_disk_rw_end brelse [wakeup_from_releasesleep] readsb_end initlog recover_from_log read_head bread virtio_disk_rw sleep sched 

virtio_disk_intr, wakeup
##### wakeup: pid: 1
****trace_log 4, cpu_id: 0, caller: sched ****: 
main userinit allocproc proc_pagetable uvmfirst namei namex_end scheduler kerneltrap devintr clockintr [wakeup_from_clockintr] kerneltrap devintr empty_devintr kerneltrap devintr uartintr uartstart (uartstart empty) kerneltrap devintr uartintr uartstart (uartstart empty) kerneltrap devintr uartintr uartstart (uartstart empty) kerneltrap devintr empty_devintr kerneltrap devintr empty_devintr kerneltrap devintr uartintr uartstart (uartstart empty) kerneltrap devintr empty_devintr 

free_desc, wakeup
free_desc, wakeup
free_desc, wakeup
virtio_disk_rw, sleep in second while
virtio_disk_intr, wakeup
****trace_log 5, cpu_id: 0, caller: scheduler ****: 
[wakeup_from_free_desc] [wakeup_from_free_desc] [wakeup_from_free_desc] virtio_disk_rw_end brelse [wakeup_from_releasesleep] install_trans write_head bread virtio_disk_rw sleep sched 

##### wakeup: pid: 1
****trace_log 6, cpu_id: 0, caller: sched ****: 


free_desc, wakeup
free_desc, wakeup
free_desc, wakeup
virtio_disk_rw, sleep in second while
virtio_disk_intr, wakeup
****trace_log 7, cpu_id: 0, caller: scheduler ****: 
[wakeup_from_free_desc] [wakeup_from_free_desc] [wakeup_from_free_desc] virtio_disk_rw_end brelse [wakeup_from_releasesleep] initlog_end usertrapret

// 开始 执行 exec 函数
usertrap syscall, ready to: [sys_exec] exec begin_op namei ilock bread virtio_disk_rw sleep sched 

##### wakeup: pid: 1
****trace_log 8, cpu_id: 2, caller: sched ****: 
kerneltrap devintr uartintr uartstart (uartstart empty) kerneltrap devintr uartintr uartstart (uartstart empty) kerneltrap devintr uartintr uartstart (uartstart empty) kerneltrap devintr uartintr uartstart (uartstart empty) kerneltrap devintr uartintr uartstart (uartstart empty) kerneltrap devintr uartintr uartstart (uartstart empty) kerneltrap devintr uartintr uartstart (uartstart empty) kerneltrap devintr uartintr uartstart (uartstart empty) kerneltrap devintr uartintr uartstart (uartstart empty) kerneltrap devintr uartintr uartstart (uartstart empty) kerneltrap devintr uartintr uartstart (uartstart empty) kerneltrap devintr uartintr uartstart (uartstart empty) kerneltrap devintr uartintr uartstart (uartstart empty) kerneltrap devintr uartintr uartstart (uartstart empty) kerneltrap devintr uartintr uartstart (uartstart empty) kerneltrap devintr uartintr uartstart (uartstart empty) kerneltrap devintr empty_devintr 

free_desc, wakeup
free_desc, wakeup
free_desc, wakeup
virtio_disk_rw, sleep in second while
****trace_log 9, cpu_id: 2, caller: scheduler ****: 
[wakeup_from_free_desc] [wakeup_from_free_desc] [wakeup_from_free_desc] virtio_disk_rw_end brelse [wakeup_from_releasesleep] dirlookup readi bread virtio_disk_rw sleep sched 

virtio_disk_intr, wakeup
##### wakeup: pid: 1
****trace_log 10, cpu_id: 1, caller: sched ****: 
scheduler kerneltrap devintr kerneltrap devintr uartintr uartstart (uartstart empty) kerneltrap devintr uartintr uartstart (uartstart empty) kerneltrap devintr virtio_disk_intr [wakeup_from_virtio_disk_intr]
kerneltrap devintr uartintr uartstart (uartstart empty) kerneltrap devintr uartintr uartstart (uartstart empty) kerneltrap devintr uartintr uartstart (uartstart empty) kerneltrap devintr virtio_disk_intr [wakeup_from_virtio_disk_intr] kerneltrap devintr empty_devintr kerneltrap devintr empty_devintr kerneltrap devintr virtio_disk_intr [wakeup_from_virtio_disk_intr] kerneltrap devintr empty_devintr kerneltrap devintr empty_devintr kerneltrap devintr empty_devintr kerneltrap devintr virtio_disk_intr [wakeup_from_virtio_disk_intr] kerneltrap devintr empty_devintr kerneltrap devintr empty_devintr
kerneltrap devintr uartintr uartstart (uartstart empty) kerneltrap devintr uartintr uartstart (uartstart empty) kerneltrap devintr uartintr uartstart (uartstart empty) kerneltrap devintr empty_devintr kerneltrap devintr empty_devintr kerneltrap devintr uartintr uartstart (uartstart empty) kerneltrap devintr uartintr uartstart (uartstart empty) kerneltrap devintr uartintr uartstart (uartstart empty) kerneltrap devintr uartintr uartstart (uartstart empty) 

free_desc, wakeup
free_desc, wakeup
free_desc, wakeup
virtio_disk_rw, sleep in second while
****trace_log 11, cpu_id: 1, caller: scheduler ****: 
kerneltrap devintr empty_devintr [wakeup_from_free_desc] [wakeup_from_free_desc] [wakeup_from_free_desc] virtio_disk_rw_end brelse [wakeup_from_releasesleep] readi_end readi bread brelse [wakeup_from_releasesleep] readi_end readi bread brelse [wakeup_from_releasesleep] readi_end readi bread brelse [wakeup_from_releasesleep] readi_end readi bread brelse [wakeup_from_releasesleep] readi_end readi bread brelse [wakeup_from_releasesleep] readi_end readi bread brelse [wakeup_from_releasesleep] readi_end readi bread brelse [wakeup_from_releasesleep] readi_end iunlockput [wakeup_from_releasesleep] namex_end ilock bread brelse [wakeup_from_releasesleep] readi bread virtio_disk_rw sleep sched 

virtio_disk_intr, wakeup
##### wakeup: pid: 1
****trace_log 12, cpu_id: 2, caller: sched ****: 
kerneltrap devintr empty_devintr kerneltrap devintr uartintr uartstart (uartstart empty) kerneltrap devintr uartintr uartstart (uartstart empty) kerneltrap devintr uartintr uartstart (uartstart empty) kerneltrap devintr uartintr uartstart (uartstart empty) kerneltrap devintr uartintr uartstart (uartstart empty) kerneltrap devintr uartintr uartstart (uartstart empty) kerneltrap devintr uartintr uartstart (uartstart empty) kerneltrap devintr uartintr uartstart (uartstart empty) kerneltrap devintr uartintr uartstart (uartstart empty) kerneltrap devintr uartintr uartstart (uartstart empty) kerneltrap devintr uartintr uartstart (uartstart empty) kerneltrap devintr empty_devintr 

free_desc, wakeup
free_desc, wakeup
free_desc, wakeup
virtio_disk_rw, sleep in second while
****trace_log 13, cpu_id: 2, caller: scheduler ****: 
kerneltrap devintr uartintr uartstart (uartstart empty) [wakeup_from_free_desc] [wakeup_from_free_desc] [wakeup_from_free_desc] virtio_disk_rw_end brelse [wakeup_from_releasesleep] readi_end proc_pagetable readi bread brelse [wakeup_from_releasesleep] readi_end loadseg readi bread virtio_disk_rw sleep sched 

virtio_disk_intr, wakeup
##### wakeup: pid: 1
****trace_log 14, cpu_id: 2, caller: sched ****: 
kerneltrap devintr kerneltrap devintr uartintr uartstart (uartstart empty) 

free_desc, wakeup
free_desc, wakeup
free_desc, wakeup
virtio_disk_rw, sleep in second while
virtio_disk_intr, wakeup
****trace_log 15, cpu_id: 2, caller: scheduler ****: 
kerneltrap devintr uartintr uartstart (uartstart empty) [wakeup_from_free_desc] [wakeup_from_free_desc] [wakeup_from_free_desc] virtio_disk_rw_end brelse [wakeup_from_releasesleep] bread virtio_disk_rw sleep sched 

##### wakeup: pid: 1
****trace_log 16, cpu_id: 0, caller: sched ****: 
kerneltrap devintr uartintr uartstart (uartstart empty) kerneltrap devintr uartintr uartstart (uartstart empty) kerneltrap devintr uartintr uartstart (uartstart empty) kerneltrap devintr uartintr uartstart (uartstart empty) kerneltrap devintr uartintr uartstart (uartstart empty) kerneltrap devintr uartintr uartstart (uartstart empty) kerneltrap devintr uartintr uartstart (uartstart empty) kerneltrap devintr empty_devintr kerneltrap devintr uartintr uartstart (uartstart empty) kerneltrap devintr uartintr uartstart (uartstart empty) kerneltrap devintr virtio_disk_intr [wakeup_from_virtio_disk_intr] kerneltrap devintr empty_devintr kerneltrap devintr empty_devintr kerneltrap devintr empty_devintr kerneltrap devintr virtio_disk_intr [wakeup_from_virtio_disk_intr] kerneltrap devintr uartintr uartstart (uartstart empty) kerneltrap devintr uartintr uartstart (uartstart empty) kerneltrap devintr uartintr uartstart (uartstart empty) kerneltrap devintr uartintr uartstart (uartstart empty) kerneltrap devintr uartintr uartstart (uartstart empty) kerneltrap devintr uartintr uartstart (uartstart empty) kerneltrap devintr uartintr uartstart (uartstart empty) kerneltrap devintr uartintr uartstart (uartstart empty) kerneltrap devintr uartintr uartstart (uartstart empty) kerneltrap devintr clockintr [wakeup_from_clockintr] kerneltrap devintr uartintr uartstart (uartstart empty) kerneltrap devintr uartintr uartstart (uartstart empty) kerneltrap devintr uartintr uartstart (uartstart empty) kerneltrap devintr uartintr uartstart (uartstart empty) kerneltrap devintr uartintr uartstart (uartstart empty) kerneltrap devintr uartintr uartstart (uartstart empty) 

free_desc, wakeup
free_desc, wakeup
free_desc, wakeup
virtio_disk_rw, sleep in second while
****trace_log 17, cpu_id: 0, caller: scheduler ****: 
kerneltrap devintr empty_devintr [wakeup_from_free_desc] [wakeup_from_free_desc] [wakeup_from_free_desc] virtio_disk_rw_end brelse [wakeup_from_releasesleep] bread virtio_disk_rw sleep sched 

virtio_disk_intr, wakeup
##### wakeup: pid: 1
****trace_log 18, cpu_id: 1, caller: sched ****: 
kerneltrap devintr uartintr uartstart (uartstart empty) kerneltrap devintr uartintr uartstart (uartstart empty) kerneltrap devintr empty_devintr kerneltrap devintr uartintr uartstart (uartstart empty) kerneltrap devintr uartintr uartstart (uartstart empty) kerneltrap devintr uartintr uartstart (uartstart empty) kerneltrap devintr virtio_disk_intr [wakeup_from_virtio_disk_intr] kerneltrap devintr kerneltrap devintr uartintr uartstart (uartstart empty) kerneltrap devintr empty_devintr kerneltrap devintr virtio_disk_intr [wakeup_from_virtio_disk_intr] kerneltrap devintr empty_devintr kerneltrap devintr empty_devintr kerneltrap devintr uartintr uartstart (uartstart empty) kerneltrap devintr uartintr uartstart (uartstart empty) kerneltrap devintr empty_devintr 

free_desc, wakeup
free_desc, wakeup
free_desc, wakeup
virtio_disk_rw, sleep in second while
virtio_disk_intr, wakeup
****trace_log 19, cpu_id: 1, caller: scheduler ****: 
[wakeup_from_free_desc] [wakeup_from_free_desc] [wakeup_from_free_desc] virtio_disk_rw_end brelse [wakeup_from_releasesleep] bread virtio_disk_rw sleep sched 

##### wakeup: pid: 1
****trace_log 20, cpu_id: 0, caller: sched ****: 
kerneltrap devintr empty_devintr kerneltrap devintr uartintr uartstart (uartstart empty) kerneltrap devintr uartintr uartstart (uartstart empty) kerneltrap devintr uartintr uartstart (uartstart empty) kerneltrap devintr empty_devintr kerneltrap devintr empty_devintr kerneltrap devintr uartintr uartstart (uartstart empty) kerneltrap devintr uartintr uartstart (uartstart empty) kerneltrap devintr uartintr uartstart (uartstart empty) kerneltrap devintr uartintr uartstart (uartstart empty) kerneltrap devintr uartintr uartstart (uartstart empty) 

free_desc, wakeup
free_desc, wakeup
free_desc, wakeup
UUUUUUU exec load file, type: 1, 0x0000000000000000. mem_size:4096, flag: 5
virtio_disk_rw, sleep in second while
virtio_disk_intr, wakeup
****trace_log 21, cpu_id: 0, caller: scheduler ****: 
[wakeup_from_free_desc] [wakeup_from_free_desc] [wakeup_from_free_desc] virtio_disk_rw_end brelse [wakeup_from_releasesleep] readi_end kerneltrap devintr empty_devintr readi bread brelse [wakeup_from_releasesleep] readi_end loadseg readi bread virtio_disk_rw sleep sched 

##### wakeup: pid: 1
****trace_log 22, cpu_id: 0, caller: sched ****: 


free_desc, wakeup
free_desc, wakeup
free_desc, wakeup
UUUUUUU exec load file, type: 1, 0x0000000000001000. mem_size:48, flag: 6
UUUUUUUUUUU, exec final  status: 0x0000000000000022   sepc: 0x0000000080006cbe, ra: 0x00000000800048fc. trap_frame_epc: 0x00000000000000e4, old_epc: 0x0000000000000018
UUUUUUUUUUfinish exec, pid: 1, new_proc_sp: 0x0000000000003fe0 this_sp: 0x0000003fffffcbd0
virtio_disk_rw, sleep in second while
virtio_disk_intr, wakeup
****trace_log 23, cpu_id: 0, caller: scheduler ****: 
kerneltrap devintr empty_devintr [wakeup_from_free_desc] [wakeup_from_free_desc] [wakeup_from_free_desc] virtio_disk_rw_end brelse [wakeup_from_releasesleep] readi_end kerneltrap devintr uartintr uartstart (uartstart empty) iunlockput [wakeup_from_releasesleep] end_op [wakeup_from_end_op] kerneltrap devintr empty_devintr kerneltrap devintr uartintr uartstart (uartstart empty) usertrapret

// init 进程
usertrap syscall, ready to: [sys_open] begin_op namei ilock dirlookup readi bread brelse [wakeup_from_releasesleep] readi_end readi bread brelse [wakeup_from_releasesleep] readi_end readi bread brelse [wakeup_from_releasesleep] readi_end readi bread brelse [wakeup_from_releasesleep] readi_end readi bread brelse [wakeup_from_releasesleep] readi_end readi bread brelse [wakeup_from_releasesleep] readi_end readi bread brelse [wakeup_from_releasesleep] readi_end readi bread brelse [wakeup_from_releasesleep] readi_end readi bread brelse [wakeup_from_releasesleep] readi_end readi bread brelse [wakeup_from_releasesleep] readi_end readi bread brelse [wakeup_from_releasesleep] readi_end readi bread brelse [wakeup_from_releasesleep] readi_end readi bread brelse [wakeup_from_releasesleep] readi_end readi bread brelse [wakeup_from_releasesleep] readi_end readi bread brelse [wakeup_from_releasesleep] readi_end readi bread brelse [wakeup_from_releasesleep] readi_end readi bread brelse [wakeup_from_releasesleep] readi_end readi bread brelse [wakeup_from_releasesleep] readi_end readi bread brelse [wakeup_from_releasesleep] readi_end readi bread brelse [wakeup_from_releasesleep] readi_end readi bread brelse [wakeup_from_releasesleep] readi_end iunlockput [wakeup_from_releasesleep] namex_end ilock bread virtio_disk_rw sleep sched 

##### wakeup: pid: 1
****trace_log 24, cpu_id: 2, caller: sched ****: 
kerneltrap devintr empty_devintr kerneltrap devintr uartintr uartstart (uartstart empty) kerneltrap devintr uartintr uartstart (uartstart empty) kerneltrap devintr uartintr uartstart (uartstart empty) kerneltrap devintr uartintr uartstart (uartstart empty) kerneltrap devintr uartintr uartstart (uartstart empty) kerneltrap devintr uartintr uartstart (uartstart empty) kerneltrap devintr uartintr uartstart (uartstart empty) kerneltrap devintr virtio_disk_intr [wakeup_from_virtio_disk_intr] kerneltrap devintr uartintr uartstart (uartstart empty) kerneltrap devintr uartintr uartstart (uartstart empty) kerneltrap devintr empty_devintr kerneltrap devintr virtio_disk_intr [wakeup_from_virtio_disk_intr] kerneltrap devintr uartintr uartstart (uartstart empty) kerneltrap devintr empty_devintr kerneltrap devintr empty_devintr kerneltrap devintr uartintr uartstart (uartstart empty) kerneltrap devintr uartintr uartstart (uartstart empty) kerneltrap devintr uartintr uartstart (uartstart empty) kerneltrap devintr uartintr uartstart (uartstart empty) kerneltrap devintr uartintr uartstart (uartstart empty) kerneltrap devintr empty_devintr kerneltrap devintr uartintr uartstart (uartstart empty) kerneltrap devintr uartintr uartstart (uartstart empty) kerneltrap devintr uartintr uartstart (uartstart empty) kerneltrap devintr uartintr uartstart (uartstart empty) kerneltrap devintr uartintr uartstart (uartstart empty) kerneltrap devintr uartintr uartstart (uartstart empty) kerneltrap devintr uartintr uartstart (uartstart empty) kerneltrap devintr uartintr uartstart (uartstart empty) kerneltrap devintr uartintr uartstart (uartstart empty) kerneltrap devintr empty_devintr 

free_desc, wakeup
free_desc, wakeup
free_desc, wakeup
****trace_log 25, cpu_id: 2, caller: scheduler ****: 
kerneltrap devintr empty_devintr [wakeup_from_free_desc] [wakeup_from_free_desc] [wakeup_from_free_desc] virtio_disk_rw_end brelse [wakeup_from_releasesleep] [wakeup_from_releasesleep] end_op [wakeup_from_end_op] usertrapret usertrap syscall, ready to: [sys_dup] usertrapret usertrap syscall, ready to: [sys_dup] usertrapret usertrap syscall, ready to: [sys_fork] fork allocproc proc_pagetable usertrapret usertrap syscall, ready to: [sys_wait] sleep sched 

virtio_disk_rw, sleep in second while
****trace_log 26, cpu_id: 1, caller: scheduler ****: 
kerneltrap devintr empty_devintr kerneltrap devintr uartintr uartstart (uartstart empty) kerneltrap devintr empty_devintr kerneltrap devintr uartintr uartstart (uartstart empty) kerneltrap devintr uartintr uartstart (uartstart empty) kerneltrap devintr virtio_disk_intr [wakeup_from_virtio_disk_intr] kerneltrap devintr empty_devintr kerneltrap devintr uartintr uartstart (uartstart empty) kerneltrap devintr empty_devintr kerneltrap devintr empty_devintr kerneltrap devintr virtio_disk_intr [wakeup_from_virtio_disk_intr] kerneltrap devintr uartintr uartstart (uartstart empty) kerneltrap devintr uartintr uartstart (uartstart empty) kerneltrap devintr uartintr uartstart (uartstart empty) forkret usertrapret

// 执行 exec
usertrap syscall, ready to: [sys_exec] exec begin_op namei ilock dirlookup readi bread brelse [wakeup_from_releasesleep] readi_end readi bread brelse [wakeup_from_releasesleep] readi_end readi bread brelse [wakeup_from_releasesleep] readi_end readi bread brelse [wakeup_from_releasesleep] readi_end readi bread brelse [wakeup_from_releasesleep] readi_end readi bread brelse [wakeup_from_releasesleep] readi_end readi bread brelse [wakeup_from_releasesleep] readi_end readi bread brelse [wakeup_from_releasesleep] readi_end readi bread brelse [wakeup_from_releasesleep] readi_end readi bread brelse [wakeup_from_releasesleep] readi_end readi bread brelse [wakeup_from_releasesleep] readi_end readi bread brelse [wakeup_from_releasesleep] readi_end readi bread brelse [wakeup_from_releasesleep] readi_end readi bread brelse [wakeup_from_releasesleep] readi_end iunlockput [wakeup_from_releasesleep] namex_end ilock bread brelse [wakeup_from_releasesleep] readi bread virtio_disk_rw sleep sched 

virtio_disk_intr, wakeup
##### wakeup: pid: 2
****trace_log 27, cpu_id: 0, caller: sched ****: 
kerneltrap devintr uartintr uartstart (uartstart empty) kerneltrap devintr uartintr uartstart (uartstart empty) kerneltrap devintr uartintr uartstart (uartstart empty) kerneltrap devintr uartintr uartstart (uartstart empty) kerneltrap devintr uartintr uartstart (uartstart empty) kerneltrap devintr uartintr uartstart (uartstart empty) kerneltrap devintr uartintr uartstart (uartstart empty) kerneltrap devintr empty_devintr kerneltrap devintr empty_devintr kerneltrap devintr uartintr uartstart (uartstart empty) kerneltrap devintr uartintr uartstart (uartstart empty) kerneltrap devintr uartintr uartstart (uartstart empty) kerneltrap devintr uartintr uartstart (uartstart empty) kerneltrap devintr uartintr uartstart (uartstart empty) kerneltrap devintr uartintr uartstart (uartstart empty) kerneltrap devintr uartintr uartstart (uartstart empty) 

free_desc, wakeup
free_desc, wakeup
free_desc, wakeup
virtio_disk_rw, sleep in second while
virtio_disk_intr, wakeup
****trace_log 28, cpu_id: 0, caller: scheduler ****: 
[wakeup_from_free_desc] [wakeup_from_free_desc] [wakeup_from_free_desc] virtio_disk_rw_end brelse [wakeup_from_releasesleep] readi_end proc_pagetable readi bread brelse [wakeup_from_releasesleep] readi_end loadseg readi bread virtio_disk_rw sleep sched 

##### wakeup: pid: 2
****trace_log 29, cpu_id: 1, caller: sched ****: 
kerneltrap devintr uartintr uartstart (uartstart empty) kerneltrap devintr uartintr uartstart (uartstart empty) kerneltrap devintr uartintr uartstart (uartstart empty) kerneltrap devintr uartintr uartstart (uartstart empty) kerneltrap devintr uartintr uartstart (uartstart empty) kerneltrap devintr uartintr uartstart (uartstart empty) kerneltrap devintr uartintr uartstart (uartstart empty) kerneltrap devintr uartintr uartstart (uartstart empty) kerneltrap devintr uartintr uartstart (uartstart empty) kerneltrap devintr uartintr uartstart (uartstart empty) kerneltrap devintr uartintr uartstart (uartstart empty) kerneltrap devintr uartintr uartstart (uartstart empty) 

free_desc, wakeup
free_desc, wakeup
free_desc, wakeup
virtio_disk_rw, sleep in second while
****trace_log 30, cpu_id: 1, caller: scheduler ****: 
[wakeup_from_free_desc] [wakeup_from_free_desc] [wakeup_from_free_desc] virtio_disk_rw_end brelse [wakeup_from_releasesleep] bread virtio_disk_rw sleep sched 

virtio_disk_intr, wakeup
##### wakeup: pid: 2
****trace_log 31, cpu_id: 2, caller: sched ****: 
kerneltrap devintr empty_devintr kerneltrap devintr virtio_disk_intr [wakeup_from_virtio_disk_intr] kerneltrap devintr empty_devintr kerneltrap devintr empty_devintr kerneltrap devintr empty_devintr kerneltrap devintr virtio_disk_intr [wakeup_from_virtio_disk_intr] kerneltrap devintr empty_devintr kerneltrap devintr uartintr uartstart (uartstart empty) kerneltrap devintr uartintr uartstart (uartstart empty) kerneltrap devintr uartintr uartstart (uartstart empty) kerneltrap devintr uartintr uartstart (uartstart empty) 

free_desc, wakeup
free_desc, wakeup
free_desc, wakeup
virtio_disk_rw, sleep in second while
virtio_disk_intr, wakeup
****trace_log 32, cpu_id: 2, caller: scheduler ****: 
[wakeup_from_free_desc] [wakeup_from_free_desc] [wakeup_from_free_desc] virtio_disk_rw_end brelse [wakeup_from_releasesleep] bread virtio_disk_rw sleep sched 

##### wakeup: pid: 2
****trace_log 33, cpu_id: 1, caller: sched ****: 
kerneltrap devintr empty_devintr kerneltrap devintr uartintr uartstart (uartstart empty) kerneltrap devintr uartintr uartstart (uartstart empty) kerneltrap devintr uartintr uartstart (uartstart empty) kerneltrap devintr uartintr uartstart (uartstart empty) kerneltrap devintr uartintr uartstart (uartstart empty) kerneltrap devintr uartintr uartstart (uartstart empty) kerneltrap devintr uartintr uartstart (uartstart empty) kerneltrap devintr uartintr uartstart (uartstart empty) kerneltrap devintr uartintr uartstart (uartstart empty) kerneltrap devintr empty_devintr kerneltrap devintr uartintr uartstart (uartstart empty) kerneltrap devintr uartintr uartstart (uartstart empty) kerneltrap devintr uartintr uartstart (uartstart empty) 

free_desc, wakeup
free_desc, wakeup
free_desc, wakeup
virtio_disk_rw, sleep in second while
virtio_disk_intr, wakeup
****trace_log 34, cpu_id: 1, caller: scheduler ****: 
kerneltrap devintr empty_devintr [wakeup_from_free_desc] [wakeup_from_free_desc] [wakeup_from_free_desc] virtio_disk_rw_end brelse [wakeup_from_releasesleep] bread virtio_disk_rw sleep sched 

##### wakeup: pid: 2
****trace_log 35, cpu_id: 2, caller: sched ****: 
kerneltrap devintr empty_devintr kerneltrap devintr uartintr uartstart (uartstart empty) kerneltrap devintr uartintr uartstart (uartstart empty) kerneltrap devintr empty_devintr kerneltrap devintr uartintr uartstart (uartstart empty) kerneltrap devintr uartintr uartstart (uartstart empty) kerneltrap devintr uartintr uartstart (uartstart empty) kerneltrap devintr uartintr uartstart (uartstart empty) 

free_desc, wakeup
free_desc, wakeup
free_desc, wakeup
virtio_disk_rw, sleep in second while
****trace_log 36, cpu_id: 2, caller: scheduler ****: 
[wakeup_from_free_desc] [wakeup_from_free_desc] [wakeup_from_free_desc] virtio_disk_rw_end brelse [wakeup_from_releasesleep] readi_end readi bread virtio_disk_rw sleep sched 

virtio_disk_intr, wakeup
##### wakeup: pid: 2
****trace_log 37, cpu_id: 0, caller: sched ****: 
kerneltrap devintr empty_devintr kerneltrap devintr uartintr uartstart (uartstart empty) kerneltrap devintr uartintr uartstart (uartstart empty) kerneltrap devintr empty_devintr kerneltrap devintr virtio_disk_intr [wakeup_from_virtio_disk_intr] kerneltrap devintr empty_devintr kerneltrap devintr uartintr uartstart (uartstart empty) kerneltrap devintr uartintr uartstart (uartstart empty) kerneltrap devintr virtio_disk_intr [wakeup_from_virtio_disk_intr] kerneltrap devintr empty_devintr kerneltrap devintr uartintr uartstart (uartstart empty) kerneltrap devintr empty_devintr kerneltrap devintr virtio_disk_intr [wakeup_from_virtio_disk_intr] kerneltrap devintr uartintr uartstart (uartstart empty) kerneltrap devintr uartintr uartstart (uartstart empty) kerneltrap devintr uartintr uartstart (uartstart empty) kerneltrap devintr empty_devintr kerneltrap devintr empty_devintr kerneltrap devintr uartintr uartstart (uartstart empty) kerneltrap devintr uartintr uartstart (uartstart empty) kerneltrap devintr uartintr uartstart (uartstart empty) kerneltrap devintr uartintr uartstart (uartstart empty) kerneltrap devintr uartintr uartstart (uartstart empty) kerneltrap devintr uartintr uartstart (uartstart empty) kerneltrap devintr uartintr uartstart (uartstart empty) kerneltrap devintr uartintr uartstart (uartstart empty) kerneltrap devintr uartintr uartstart (uartstart empty) kerneltrap devintr uartintr uartstart (uartstart empty) 

free_desc, wakeup
free_desc, wakeup
free_desc, wakeup
virtio_disk_rw, sleep in second while
virtio_disk_intr, wakeup
****trace_log 38, cpu_id: 0, caller: scheduler ****: 
[wakeup_from_free_desc] [wakeup_from_free_desc] [wakeup_from_free_desc] virtio_disk_rw_end brelse [wakeup_from_releasesleep] bread virtio_disk_rw sleep sched 

##### wakeup: pid: 2
****trace_log 39, cpu_id: 1, caller: sched ****: 
kerneltrap devintr empty_devintr kerneltrap devintr uartintr uartstart (uartstart empty) kerneltrap devintr uartintr uartstart (uartstart empty) kerneltrap devintr empty_devintr kerneltrap devintr uartintr uartstart (uartstart empty) kerneltrap devintr uartintr uartstart (uartstart empty) kerneltrap devintr uartintr uartstart (uartstart empty) kerneltrap devintr virtio_disk_intr [wakeup_from_virtio_disk_intr] kerneltrap devintr empty_devintr kerneltrap devintr empty_devintr kerneltrap devintr uartintr uartstart (uartstart empty) kerneltrap devintr uartintr uartstart (uartstart empty) kerneltrap devintr uartintr uartstart (uartstart empty) kerneltrap devintr uartintr uartstart (uartstart empty) 

free_desc, wakeup
free_desc, wakeup
free_desc, wakeup
virtio_disk_rw, sleep in second while
virtio_disk_intr, wakeup
****trace_log 40, cpu_id: 1, caller: scheduler ****: 
[wakeup_from_free_desc] [wakeup_from_free_desc] [wakeup_from_free_desc] virtio_disk_rw_end brelse [wakeup_from_releasesleep] bread virtio_disk_rw sleep sched 

##### wakeup: pid: 2
****trace_log 41, cpu_id: 0, caller: sched ****: 
kerneltrap devintr empty_devintr kerneltrap devintr uartintr uartstart (uartstart empty) kerneltrap devintr empty_devintr kerneltrap devintr empty_devintr kerneltrap devintr empty_devintr kerneltrap devintr uartintr uartstart (uartstart empty) kerneltrap devintr uartintr uartstart (uartstart empty) kerneltrap devintr uartintr uartstart (uartstart empty) kerneltrap devintr uartintr uartstart (uartstart empty) 

free_desc, wakeup
free_desc, wakeup
free_desc, wakeup
virtio_disk_rw, sleep in second while
virtio_disk_intr, wakeup
****trace_log 42, cpu_id: 0, caller: scheduler ****: 
[wakeup_from_free_desc] [wakeup_from_free_desc] [wakeup_from_free_desc] virtio_disk_rw_end brelse [wakeup_from_releasesleep] bread virtio_disk_rw sleep sched 

##### wakeup: pid: 2
****trace_log 43, cpu_id: 1, caller: sched ****: 
kerneltrap devintr empty_devintr kerneltrap devintr uartintr uartstart (uartstart empty) kerneltrap devintr uartintr uartstart (uartstart empty) kerneltrap devintr uartintr uartstart (uartstart empty) kerneltrap devintr uartintr uartstart (uartstart empty) kerneltrap devintr empty_devintr kerneltrap devintr uartintr uartstart (uartstart empty) kerneltrap devintr uartintr uartstart (uartstart empty) kerneltrap devintr uartintr uartstart (uartstart empty) kerneltrap devintr uartintr uartstart (uartstart empty) kerneltrap devintr uartintr uartstart (uartstart empty) 

free_desc, wakeup
free_desc, wakeup
free_desc, wakeup
UUUUUUU exec load file, type: 1, 0x0000000000000000. mem_size:8192, flag: 5
virtio_disk_rw, sleep in second while
****trace_log 44, cpu_id: 1, caller: scheduler ****: 
[wakeup_from_free_desc] [wakeup_from_free_desc] [wakeup_from_free_desc] virtio_disk_rw_end brelse [wakeup_from_releasesleep] readi_end readkerneltrap devintr empty_devintr i bread brelse [wakeup_from_releasesleep] readi_end loadseg readi bread virtio_disk_rw sleep sched 

virtio_disk_intr, wakeup
##### wakeup: pid: 2
****trace_log 45, cpu_id: 0, caller: sched ****: 
kerneltrap devintr empty_devintr kerneltrap devintr empty_devintr kerneltrap devintr uartintr uartstart (uartstart empty) kerneltrap devintr empty_devintr kerneltrap devintr uartintr uartstart (uartstart empty) kerneltrap devintr uartintr uartstart (uartstart empty) kerneltrap devintr uartintr uartstart (uartstart empty) kerneltrap devintr uartintr uartstart (uartstart empty) kerneltrap devintr uartintr uartstart (uartstart empty) kerneltrap devintr uartintr uartstart (uartstart empty) kerneltrap devintr empty_devintr kerneltrap devintr uartintr uartstart (uartstart empty) kerneltrap devintr empty_devintr kerneltrap devintr uartintr uartstart (uartstart empty) kerneltrap devintr empty_devintr kerneltrap devintr uartintr uartstart (uartstart empty) kerneltrap devintr empty_devintr kerneltrap devintr empty_devintr kerneltrap devintr virtio_disk_intr [wakeup_from_virtio_disk_intr] 

free_desc, wakeup
free_desc, wakeup
free_desc, wakeup
virtio_disk_rw, sleep in second while
virtio_disk_intr, wakeup
****trace_log 46, cpu_id: 0, caller: scheduler ****: 
kerneltrap devintr empty_devintr [wakeup_from_free_desc] [wakeup_from_free_desc] [wakeup_from_free_desc] virtio_disk_rw_end brelse [wakeup_from_releasesleep] bread virtio_disk_rw sleep sched 

##### wakeup: pid: 2
****trace_log 47, cpu_id: 1, caller: sched ****: 
kerneltrap devintr empty_devintr kerneltrap devintr uartintr uartstart (uartstart empty) kerneltrap devintr empty_devintr kerneltrap devintr empty_devintr kerneltrap devintr uartintr uartstart (uartstart empty) kerneltrap devintr uartintr uartstart (uartstart empty) kerneltrap devintr uartintr uartstart (uartstart empty) kerneltrap devintr uartintr uartstart (uartstart empty) kerneltrap devintr uartintr uartstart (uartstart empty) 

free_desc, wakeup
free_desc, wakeup
free_desc, wakeup
UUUUUUU exec load file, type: 1, 0x0000000000002000. mem_size:152, flag: 6
UUUUUUUUUUU, exec final  status: 0x0000000000000022   sepc: 0x0000000080006cbe, ra: 0x00000000800048fc. trap_frame_epc: 0x0000000000000b56, old_epc: 0x00000000000003c0
UUUUUUUUUUfinish exec, pid: 2, new_proc_sp: 0x0000000000004fe0 this_sp: 0x0000003fffffabd0
$ consoleread, sleep
****trace_log 48, cpu_id: 1, caller: scheduler ****: 
[wakeup_from_free_desc] [wakeup_from_free_desc] [wakeup_from_free_desc] virtio_disk_rw_end brelse [wakeup_from_releasesleep] readi_end kerneltrap devintr uartintr uartstart (uartstart empty) iunlockput [wakeup_from_releasesleep] end_op [wakeup_from_end_op] kerneltrap devintr uartintr uartstart (uartstart empty) kerneltrap devintr uartintr uartstart (uartstart empty) usertrapret

// sh 进程
usertrap syscall, ready to: [sys_open] begin_op namei ilock dirlookup readi bread brelse [wakeup_from_releasesleep] readi_end readi bread brelse [wakeup_from_releasesleep] readi_end readi bread brelse [wakeup_from_releasesleep] readi_end readi bread brelse [wakeup_from_releasesleep] readi_end readi bread brelse [wakeup_from_releasesleep] readi_end readi bread brelse [wakeup_from_releasesleep] readi_end readi bread brelse [wakeup_from_releasesleep] readi_end readi bread brelse [wakeup_from_releasesleep] readi_end readi bread brelse [wakeup_from_releasesleep] readi_end readi bread brelse [wakeup_from_releasesleep] readi_end readi bread brelse [wakeup_from_releasesleep] readi_end readi bread brelse [wakeup_from_releasesleep] readi_end readi bread brelse [wakeup_from_releasesleep] readi_end readi bread brelse [wakeup_from_releasesleep] readi_end readi bread brelse [wakeup_from_releasesleep] readi_end readi bread brelse [wakeup_from_releasesleep] readi_end readi bread brelse [wakeup_from_releasesleep] readi_end readi bread brelse [wakeup_from_releasesleep] readi_end readi bread brelse [wakeup_from_releasesleep] readi_end readi bread brelse [wakeup_from_releasesleep] readi_end readi bread brelse [wakeup_from_releasesleep] readi_end iunlockput [wakeup_from_releasesleep] namex_end ilock [wakeup_from_releasesleep] end_op [wakeup_from_end_op] usertrapret usertrap syscall, ready to: [sys_close] begin_op end_op [wakeup_from_end_op] usertrapret usertrap syscall, ready to: [sys_write] uartstart [wakeup_from_uartstart] (uartstart empty) uartstart [wakeup_from_uartstart] (uartstart empty) kerneltrap devintr empty_devintr usertrapret usertrap syscall, ready to: [sys_read] sleep sched 

QEMU: Terminated


// 注意，printf 打印的 virtio_disk_intr, wakeup 有23条
// 而 _printf 打印的 wakeup_from_virtio_disk_intr 只有19次，差了4次，是在 log里面没有刷新出来。
